<?xml version="1.0" encoding="UTF-8"?>
<testng-results ignored="0" total="1" passed="1" failed="0" skipped="0">
  <reporter-output>
  </reporter-output>
  <suite started-at="2022-09-29T00:42:54 IST" name="SampleHelloGit.TestHelloGit" finished-at="2022-09-29T00:42:55 IST" duration-ms="101">
    <groups>
    </groups>
    <test started-at="2022-09-29T00:42:54 IST" name="Command line test" finished-at="2022-09-29T00:42:55 IST" duration-ms="101">
      <class name="SampleHelloGit.TestHelloGit">
        <test-method signature="testHelloGit()[pri:0, instance:SampleHelloGit.TestHelloGit@103f852]" started-at="2022-09-29T00:42:55 IST" name="testHelloGit" finished-at="2022-09-29T00:42:55 IST" duration-ms="9" status="PASS">
          <reporter-output>
          </reporter-output>
        </test-method> <!-- testHelloGit -->
      </class> <!-- SampleHelloGit.TestHelloGit -->
    </test> <!-- Command line test -->
  </suite> <!-- SampleHelloGit.TestHelloGit -->
</testng-results>
